#
# There is insufficient memory for the Java Runtime Environment to continue.
# Native memory allocation (malloc) failed to allocate 1048576 bytes for AllocateHeap
# Possible reasons:
#   The system is out of physical RAM or swap space
#   The process is running with CompressedOops enabled, and the Java Heap may be blocking the growth of the native heap
# Possible solutions:
#   Reduce memory load on the system
#   Increase physical memory or swap space
#   Check if swap backing store is full
#   Decrease Java heap size (-Xmx/-Xms)
#   Decrease number of Java threads
#   Decrease Java thread stack sizes (-Xss)
#   Set larger code cache with -XX:ReservedCodeCacheSize=
#   JVM is running with Zero Based Compressed Oops mode in which the Java heap is
#     placed in the first 32GB address space. The Java Heap base address is the
#     maximum limit for the native heap growth. Please use -XX:HeapBaseMinAddress
#     to set the Java Heap base and to place the Java Heap above 32GB virtual address.
# This output file may be truncated or incomplete.
#
#  Out of Memory Error (memory/allocation.inline.hpp:61), pid=31448, tid=0x0000000000000b24
#
# JRE version:  (8.0_251-b08) (build )
# Java VM: Java HotSpot(TM) 64-Bit Server VM (25.251-b08 mixed mode windows-amd64 compressed oops)
# Failed to write core dump. Minidumps are not enabled by default on client versions of Windows
#

---------------  T H R E A D  ---------------

Current thread (0x0000000002a0e000):  JavaThread "Unknown thread" [_thread_in_vm, id=2852, stack(0x00000000028b0000,0x00000000029b0000)]

Stack: [0x00000000028b0000,0x00000000029b0000]
[error occurred during error reporting (printing stack bounds), id 0xc0000005]

Native frames: (J=compiled Java code, j=interpreted, Vv=VM code, C=native code)


---------------  P R O C E S S  ---------------

Java Threads: ( => current thread )

Other Threads:

=>0x0000000002a0e000 (exited) JavaThread "Unknown thread" [_thread_in_vm, id=2852, stack(0x00000000028b0000,0x00000000029b0000)]

VM state:not at safepoint (normal execution)

VM Mutex/Monitor currently owned by a thread: None

heap address: 0x0000000701c00000, size: 3044 MB, Compressed Oops mode: Zero based, Oop shift amount: 3
Narrow klass base: 0x0000000000000000, Narrow klass shift: 3
Compressed class space size: 1073741824 Address: 0x00000007c0000000

Heap:
 PSYoungGen      total 57344K, used 983K [0x0000000780980000, 0x0000000784980000, 0x00000007c0000000)
  eden space 49152K, 2% used [0x0000000780980000,0x0000000780a75c38,0x0000000783980000)
  from space 8192K, 0% used [0x0000000784180000,0x0000000784180000,0x0000000784980000)
  to   space 8192K, 0% used [0x0000000783980000,0x0000000783980000,0x0000000784180000)
 ParOldGen       total 131072K, used 0K [0x0000000701c00000, 0x0000000709c00000, 0x0000000780980000)
  object space 131072K, 0% used [0x0000000701c00000,0x0000000701c00000,0x0000000709c00000)
 Metaspace       used 752K, capacity 4480K, committed 4480K, reserved 1056768K
  class space    used 76K, capacity 384K, committed 384K, reserved 1048576K

Card table byte_map: [0x0000000011ed0000,0x00000000124d0000] byte_map_base: 0x000000000e6c2000

Marking Bits: (ParMarkBitMap*) 0x00000000669eaf90
 Begin Bits: [0x00000000130d0000, 0x0000000016060000)
 End Bits:   [0x0000000016060000, 0x0000000018ff0000)

Polling page: 0x0000000002470000

CodeCache: size=245760Kb used=328Kb max_used=328Kb free=245431Kb
 bounds [0x0000000002b10000, 0x0000000002d80000, 0x0000000011b10000]
 total_blobs=58 nmethods=0 adapters=38
 compilation: enabled

Compilation events (0 events):
No events

GC Heap History (0 events):
No events

Deoptimization events (0 events):
No events

Classes redefined (0 events):
No events

Internal exceptions (0 events):
No events

Events (10 events):
Event: 0.256 loading class java/lang/Short
Event: 0.257 loading class java/lang/Short done
Event: 0.257 loading class java/lang/Integer
Event: 0.257 loading class java/lang/Integer done
Event: 0.257 loading class java/lang/Long
Event: 0.257 loading class java/lang/Long done
Event: 0.258 loading class java/lang/NullPointerException
Event: 0.258 loading class java/lang/NullPointerException done
Event: 0.258 loading class java/lang/ArithmeticException
Event: 0.258 loading class java/lang/ArithmeticException done


Dynamic libraries:
0x00007ff6ee500000 - 0x00007ff6ee537000 	C:\Program Files\Java\jre1.8.0_251\bin\javaw.exe
0x00007fff2b8f0000 - 0x00007fff2bae6000 	C:\WINDOWS\SYSTEM32\ntdll.dll
0x00007fff2a590000 - 0x00007fff2a64d000 	C:\WINDOWS\System32\KERNEL32.DLL
0x00007fff29190000 - 0x00007fff29458000 	C:\WINDOWS\System32\KERNELBASE.dll
0x00007fff299f0000 - 0x00007fff29a9c000 	C:\WINDOWS\System32\ADVAPI32.dll
0x00007fff2b3b0000 - 0x00007fff2b44e000 	C:\WINDOWS\System32\msvcrt.dll
0x00007fff2b450000 - 0x00007fff2b4eb000 	C:\WINDOWS\System32\sechost.dll
0x00007fff29c40000 - 0x00007fff29d64000 	C:\WINDOWS\System32\RPCRT4.dll
0x00007fff29aa0000 - 0x00007fff29c40000 	C:\WINDOWS\System32\USER32.dll
0x00007fff29460000 - 0x00007fff29482000 	C:\WINDOWS\System32\win32u.dll
0x00007fff2b4f0000 - 0x00007fff2b51a000 	C:\WINDOWS\System32\GDI32.dll
0x00007fff29490000 - 0x00007fff29599000 	C:\WINDOWS\System32\gdi32full.dll
0x00007fff29830000 - 0x00007fff298cd000 	C:\WINDOWS\System32\msvcp_win.dll
0x00007fff29090000 - 0x00007fff29190000 	C:\WINDOWS\System32\ucrtbase.dll
0x00007fff0dba0000 - 0x00007fff0de3b000 	C:\WINDOWS\WinSxS\amd64_microsoft.windows.common-controls_6595b64144ccf1df_6.0.19041.488_none_ca04af081b815d21\COMCTL32.dll
0x00007fff2b520000 - 0x00007fff2b550000 	C:\WINDOWS\System32\IMM32.DLL
0x00000000672b0000 - 0x0000000067382000 	C:\Program Files\Java\jre1.8.0_251\bin\msvcr100.dll
0x00000000661c0000 - 0x0000000066a6b000 	C:\Program Files\Java\jre1.8.0_251\bin\server\jvm.dll
0x00007fff2a450000 - 0x00007fff2a458000 	C:\WINDOWS\System32\PSAPI.DLL
0x00007fff12d90000 - 0x00007fff12db7000 	C:\WINDOWS\SYSTEM32\WINMM.dll
0x00007fff22540000 - 0x00007fff2254a000 	C:\WINDOWS\SYSTEM32\VERSION.dll
0x00007fff0dfc0000 - 0x00007fff0dfc9000 	C:\WINDOWS\SYSTEM32\WSOCK32.dll
0x00007fff2b5e0000 - 0x00007fff2b64b000 	C:\WINDOWS\System32\WS2_32.dll
0x00007fff241d0000 - 0x00007fff241df000 	C:\Program Files\Java\jre1.8.0_251\bin\verify.dll
0x00007fff071a0000 - 0x00007fff071c9000 	C:\Program Files\Java\jre1.8.0_251\bin\java.dll
0x00007fff23610000 - 0x00007fff23626000 	C:\Program Files\Java\jre1.8.0_251\bin\zip.dll

VM Arguments:
jvm_args: -Dfile.encoding=UTF-8 
java_command: main_page.MainFrame
java_class_path (initial): C:\Users\becca.DESKTOP-85UQBE3\Desktop\Java_Shortcut_Guide\Shortcut_Guide\bin;C:\Users\becca.DESKTOP-85UQBE3\Desktop\Java2\jsoup-1.13.1.jar
Launcher Type: SUN_STANDARD

Environment Variables:
JAVA_HOME=C:\Program Files\Java\jdk1.8.0_251
PATH=C:/Program Files/Java/jre1.8.0_251/bin/server;C:/Program Files/Java/jre1.8.0_251/bin;C:/Program Files/Java/jre1.8.0_251/lib/amd64;C:\Program Files\Common Files\Oracle\Java\javapath;C:\Program Files (x86)\Common Files\Oracle\Java\javapath;C:\WINDOWS\system32;C:\WINDOWS;C:\WINDOWS\System32\Wbem;C:\WINDOWS\System32\WindowsPowerShell\v1.0\;C:\WINDOWS\System32\OpenSSH\;C:\Program Files\dotnet\;C:\Program Files\Microsoft SQL Server\130\Tools\Binn\;C:\Program Files\Git\cmd;C:\Program Files\Microsoft SQL Server\110\Tools\Binn\;C:\Program Files\Microsoft SQL Server\120\Tools\Binn\;C:\Program Files (x86)\Microsoft SDKs\TypeScript\1.0\;c:\Program Files (x86)\Microsoft SQL Server\110\Tools\Binn\ManagementStudio\;c:\Program Files (x86)\Microsoft SQL Server\110\Tools\Binn\;c:\Program Files (x86)\Microsoft SQL Server\110\DTS\Binn\;c:\Program Files\Microsoft SQL Server\110\DTS\Binn\;C:\Program Files\Java\jdk1.8.0_251\bin;C:\Program Files\nodejs\;;C:\Program Files\Docker\Docker\resources\bin;C:\ProgramData\DockerDesktop\version-bin;C:\Users\becca.DESKTOP-85UQBE3\AppData\Local\Programs\Python\Python37\Scripts\;C:\Users\becca.DESKTOP-85UQBE3\AppData\Local\Programs\Python\Python37\;C:\Users\becca.DESKTOP-85UQBE3\AppData\Local\Microsoft\WindowsApps;C:\Users\becca.DESKTOP-85UQBE3\AppData\Local\Programs\Microsoft VS Code\bin;C:\Users\becca.DESKTOP-85UQBE3\AppData\Roaming\Python\Python37\Scripts;C:\Users\becca.DESKTOP-85UQBE3\AppData\Roaming\npm;;C:\WINDOWS\System32;
USERNAME=becca
OS=Windows_NT
PROCESSOR_IDENTIFIER=Intel64 Family 6 Model 142 Stepping 11, GenuineIntel



---------------  S Y S T E M  ---------------

OS: Windows 10.0 , 64 bit Build 19041 (10.0.19041.546)

CPU:total 8 (initial active 8) (4 cores per cpu, 2 threads per core) family 6 model 142 stepping 11, cmov, cx8, fxsr, mmx, sse, sse2, sse3, ssse3, sse4.1, sse4.2, popcnt, avx, avx2, aes, clmul, erms, 3dnowpref, lzcnt, ht, tsc, tscinvbit, bmi1, bmi2, adx

Memory: 4k page, physical 12466424k(1190088k free), swap 43580192k(5428k free)

vm_info: Java HotSpot(TM) 64-Bit Server VM (25.251-b08) for windows-amd64 JRE (1.8.0_251-b08), built on Mar 12 2020 06:31:49 by "" with MS VC++ 10.0 (VS2010)

time: Wed Dec 02 04:11:24 2020
timezone: 대한민국 표준시
elapsed time: 0 seconds (0d 0h 0m 0s)

